0 info it worked if it ends with ok
1 verbose cli [ 'C:\\Program Files\\nodejs\\node.exe',
1 verbose cli   'C:\\Program Files\\nodejs\\node_modules\\npm\\bin\\npm-cli.js',
1 verbose cli   'run',
1 verbose cli   'build:dev' ]
2 info using npm@3.10.10
3 info using node@v6.9.4
4 verbose run-script [ 'prebuild:dev', 'build:dev', 'postbuild:dev' ]
5 info lifecycle angular2-webpack-starter@5.4.1~prebuild:dev: angular2-webpack-starter@5.4.1
6 silly lifecycle angular2-webpack-starter@5.4.1~prebuild:dev: no script for prebuild:dev, continuing
7 info lifecycle angular2-webpack-starter@5.4.1~build:dev: angular2-webpack-starter@5.4.1
8 verbose lifecycle angular2-webpack-starter@5.4.1~build:dev: unsafe-perm in lifecycle true
9 verbose lifecycle angular2-webpack-starter@5.4.1~build:dev: PATH: C:\Program Files\nodejs\node_modules\npm\bin\node-gyp-bin;C:\Users\sri vaishnavi\angular2-webpack-starter\node_modules\.bin;C:\ProgramData\Oracle\Java\javapath;C:\WINDOWS\system32;C:\WINDOWS;C:\WINDOWS\System32\Wbem;C:\WINDOWS\System32\WindowsPowerShell\v1.0\;C:\Program Files\Intel\WiFi\bin\;C:\Program Files\Common Files\Intel\WirelessCommon\;C:\Program Files\nodejs\;C:\Program Files (x86)\Brackets\command;C:\Users\sri vaishnavi\AppData\Roaming\npm;C:\Users\sri vaishnavi\AppData\Local\Microsoft\WindowsApps;C:\Program Files\Java\jdk1.8.0_111\bin;C:\Program Files\Apache\maven\bin;C:\Program Files (x86)\Microsoft VS Code\bin
10 verbose lifecycle angular2-webpack-starter@5.4.1~build:dev: CWD: C:\Users\sri vaishnavi\angular2-webpack-starter
11 silly lifecycle angular2-webpack-starter@5.4.1~build:dev: Args: [ '/d /s /c',
11 silly lifecycle   'npm run clean:dist && webpack --config config/webpack.dev.js --progress --profile' ]
12 silly lifecycle angular2-webpack-starter@5.4.1~build:dev: Returned: code: 2  signal: null
13 info lifecycle angular2-webpack-starter@5.4.1~build:dev: Failed to exec build:dev script
14 verbose stack Error: angular2-webpack-starter@5.4.1 build:dev: `npm run clean:dist && webpack --config config/webpack.dev.js --progress --profile`
14 verbose stack Exit status 2
14 verbose stack     at EventEmitter.<anonymous> (C:\Program Files\nodejs\node_modules\npm\lib\utils\lifecycle.js:255:16)
14 verbose stack     at emitTwo (events.js:106:13)
14 verbose stack     at EventEmitter.emit (events.js:191:7)
14 verbose stack     at ChildProcess.<anonymous> (C:\Program Files\nodejs\node_modules\npm\lib\utils\spawn.js:40:14)
14 verbose stack     at emitTwo (events.js:106:13)
14 verbose stack     at ChildProcess.emit (events.js:191:7)
14 verbose stack     at maybeClose (internal/child_process.js:877:16)
14 verbose stack     at Process.ChildProcess._handle.onexit (internal/child_process.js:226:5)
15 verbose pkgid angular2-webpack-starter@5.4.1
16 verbose cwd C:\Users\sri vaishnavi\angular2-webpack-starter
17 error Windows_NT 10.0.14393
18 error argv "C:\\Program Files\\nodejs\\node.exe" "C:\\Program Files\\nodejs\\node_modules\\npm\\bin\\npm-cli.js" "run" "build:dev"
19 error node v6.9.4
20 error npm  v3.10.10
21 error code ELIFECYCLE
22 error angular2-webpack-starter@5.4.1 build:dev: `npm run clean:dist && webpack --config config/webpack.dev.js --progress --profile`
22 error Exit status 2
23 error Failed at the angular2-webpack-starter@5.4.1 build:dev script 'npm run clean:dist && webpack --config config/webpack.dev.js --progress --profile'.
23 error Make sure you have the latest version of node.js and npm installed.
23 error If you do, this is most likely a problem with the angular2-webpack-starter package,
23 error not with npm itself.
23 error Tell the author that this fails on your system:
23 error     npm run clean:dist && webpack --config config/webpack.dev.js --progress --profile
23 error You can get information on how to open an issue for this project with:
23 error     npm bugs angular2-webpack-starter
23 error Or if that isn't available, you can get their info via:
23 error     npm owner ls angular2-webpack-starter
23 error There is likely additional logging output above.
24 verbose exit [ 1, true ]
